<?xml version="1.0" encoding="UTF-8"?>
<testng-results ignored="0" total="1" passed="1" failed="0" skipped="0">
  <reporter-output>
  </reporter-output>
  <suite started-at="2021-06-20T20:41:33 IST" name="Default suite" finished-at="2021-06-20T20:41:52 IST" duration-ms="18792">
    <groups>
    </groups>
    <test started-at="2021-06-20T20:41:33 IST" name="Default test" finished-at="2021-06-20T20:41:52 IST" duration-ms="18792">
      <class name="kdf.Application">
        <test-method signature="invalidLoginTest()[pri:0, instance:kdf.Application@2525ff7e]" started-at="2021-06-20T20:41:33 IST" name="invalidLoginTest" finished-at="2021-06-20T20:41:52 IST" duration-ms="18708" status="PASS">
          <reporter-output>
          </reporter-output>
        </test-method> <!-- invalidLoginTest -->
      </class> <!-- kdf.Application -->
    </test> <!-- Default test -->
  </suite> <!-- Default suite -->
</testng-results>
